<?xml version="1.0" encoding="UTF-8"?>
<!-- Generated by org.testng.reporters.JUnitXMLReporter -->
<testsuite ignored="0" hostname="Zeeshans-MacBook-Air.local" failures="0" tests="3" name="Default test" time="114.154" errors="0" timestamp="2024-02-02T13:10:19 IST">
  <testcase classname="zeeshanMalikAcademy.tests.SubmitOrderTest" name="submitOrder" time="18.395"/>
  <testcase classname="zeeshanMalikAcademy.tests.SubmitOrderTest" name="submitOrder" time="18.99"/>
  <testcase classname="zeeshanMalikAcademy.tests.SubmitOrderTest" name="orderHistoryTest" time="8.331"/>
</testsuite> <!-- Default test -->
