<?xml version="1.0" encoding="UTF-8"?>
<!-- Generated by org.testng.reporters.JUnitXMLReporter -->
<testsuite ignored="2" hostname="Zeeshans-MacBook-Air.local" failures="0" tests="0" time="0.04" errors="0" timestamp="2024-05-20T16:56:25 IST">
  <testcase classname="zeeshanMalikAcademy.tests.ErrorValidationsTest" name="productErrorValidation" time="0.0">
    <ignored/>
  </testcase> <!-- productErrorValidation -->
  <testcase classname="zeeshanMalikAcademy.tests.ErrorValidationsTest" name="loginErrorValidation" time="0.0">
    <ignored/>
  </testcase> <!-- loginErrorValidation -->
</testsuite>
