<?xml version="1.0" encoding="UTF-8"?>
<testng-results ignored="0" total="5" passed="5" failed="0" skipped="0">
  <reporter-output>
  </reporter-output>
  <suite started-at="2024-06-12T14:02:26 IST" name="Suite" finished-at="2024-06-12T14:03:01 IST" duration-ms="35532">
    <groups>
      <group name="ErrorHandling">
        <method signature="ErrorValidationTest.loginErrorValidation()[pri:0, instance:ZeeshanMalikAcademy.tests.ErrorValidationTest@6574a52c]" name="loginErrorValidation" class="ZeeshanMalikAcademy.tests.ErrorValidationTest"/>
      </group> <!-- ErrorHandling -->
      <group name="Purchase">
        <method signature="SubmitOrderTest.submitOrder(java.util.HashMap)[pri:0, instance:ZeeshanMalikAcademy.tests.SubmitOrderTest@3ee37e5a]" name="submitOrder" class="ZeeshanMalikAcademy.tests.SubmitOrderTest"/>
      </group> <!-- Purchase -->
    </groups>
    <test started-at="2024-06-12T14:02:26 IST" name="Error Validation Test" finished-at="2024-06-12T14:02:47 IST" duration-ms="21334">
      <class name="ZeeshanMalikAcademy.tests.ErrorValidationTest">
        <test-method is-config="true" signature="launchApplication()[pri:0, instance:ZeeshanMalikAcademy.tests.ErrorValidationTest@6574a52c]" started-at="2024-06-12T14:02:26 IST" name="launchApplication" finished-at="2024-06-12T14:02:33 IST" duration-ms="7929" status="PASS">
          <reporter-output>
          </reporter-output>
        </test-method> <!-- launchApplication -->
        <test-method signature="loginErrorValidation()[pri:0, instance:ZeeshanMalikAcademy.tests.ErrorValidationTest@6574a52c]" started-at="2024-06-12T14:02:33 IST" name="loginErrorValidation" finished-at="2024-06-12T14:02:34 IST" duration-ms="703" status="PASS">
          <reporter-output>
          </reporter-output>
        </test-method> <!-- loginErrorValidation -->
        <test-method is-config="true" signature="tearDown()[pri:0, instance:ZeeshanMalikAcademy.tests.ErrorValidationTest@6574a52c]" started-at="2024-06-12T14:02:34 IST" name="tearDown" finished-at="2024-06-12T14:02:35 IST" duration-ms="530" status="PASS">
          <reporter-output>
          </reporter-output>
        </test-method> <!-- tearDown -->
        <test-method is-config="true" signature="launchApplication()[pri:0, instance:ZeeshanMalikAcademy.tests.ErrorValidationTest@6574a52c]" started-at="2024-06-12T14:02:35 IST" name="launchApplication" finished-at="2024-06-12T14:02:44 IST" duration-ms="9403" status="PASS">
          <reporter-output>
          </reporter-output>
        </test-method> <!-- launchApplication -->
        <test-method signature="productErrorValidation()[pri:0, instance:ZeeshanMalikAcademy.tests.ErrorValidationTest@6574a52c]" started-at="2024-06-12T14:02:44 IST" name="productErrorValidation" finished-at="2024-06-12T14:02:47 IST" duration-ms="2476" status="PASS">
          <reporter-output>
          </reporter-output>
        </test-method> <!-- productErrorValidation -->
        <test-method is-config="true" signature="tearDown()[pri:0, instance:ZeeshanMalikAcademy.tests.ErrorValidationTest@6574a52c]" started-at="2024-06-12T14:02:47 IST" name="tearDown" finished-at="2024-06-12T14:02:47 IST" duration-ms="249" status="PASS">
          <reporter-output>
          </reporter-output>
        </test-method> <!-- tearDown -->
      </class> <!-- ZeeshanMalikAcademy.tests.ErrorValidationTest -->
    </test> <!-- Error Validation Test -->
    <test started-at="2024-06-12T14:02:26 IST" name="Submit Order Test" finished-at="2024-06-12T14:03:01 IST" duration-ms="35532">
      <class name="ZeeshanMalikAcademy.tests.SubmitOrderTest">
        <test-method is-config="true" signature="launchApplication()[pri:0, instance:ZeeshanMalikAcademy.tests.SubmitOrderTest@3ee37e5a]" started-at="2024-06-12T14:02:26 IST" name="launchApplication" finished-at="2024-06-12T14:02:33 IST" duration-ms="7767" status="PASS">
          <reporter-output>
          </reporter-output>
        </test-method> <!-- launchApplication -->
        <test-method signature="submitOrder(java.util.HashMap)[pri:0, instance:ZeeshanMalikAcademy.tests.SubmitOrderTest@3ee37e5a]" started-at="2024-06-12T14:02:33 IST" name="submitOrder" data-provider="getData" finished-at="2024-06-12T14:02:45 IST" duration-ms="11208" status="PASS">
          <params>
            <param index="0">
              <value>
                <![CDATA[{password=Zn@170990, product=ZARA COAT 3, email=zishan.malik@gmail.com}]]>
              </value>
            </param>
          </params>
          <reporter-output>
          </reporter-output>
        </test-method> <!-- submitOrder -->
        <test-method is-config="true" signature="tearDown()[pri:0, instance:ZeeshanMalikAcademy.tests.SubmitOrderTest@3ee37e5a]" started-at="2024-06-12T14:02:45 IST" name="tearDown" finished-at="2024-06-12T14:02:45 IST" duration-ms="314" status="PASS">
          <reporter-output>
          </reporter-output>
        </test-method> <!-- tearDown -->
        <test-method is-config="true" signature="launchApplication()[pri:0, instance:ZeeshanMalikAcademy.tests.SubmitOrderTest@3ee37e5a]" started-at="2024-06-12T14:02:45 IST" name="launchApplication" finished-at="2024-06-12T14:02:48 IST" duration-ms="2884" status="PASS">
          <reporter-output>
          </reporter-output>
        </test-method> <!-- launchApplication -->
        <test-method signature="submitOrder(java.util.HashMap)[pri:0, instance:ZeeshanMalikAcademy.tests.SubmitOrderTest@3ee37e5a]" started-at="2024-06-12T14:02:48 IST" name="submitOrder" data-provider="getData" finished-at="2024-06-12T14:02:57 IST" duration-ms="8956" status="PASS">
          <params>
            <param index="0">
              <value>
                <![CDATA[{password=Zn@170990, product=ADIDAS ORIGINAL, email=zishan.malik@gmail.com}]]>
              </value>
            </param>
          </params>
          <reporter-output>
          </reporter-output>
        </test-method> <!-- submitOrder -->
        <test-method is-config="true" signature="tearDown()[pri:0, instance:ZeeshanMalikAcademy.tests.SubmitOrderTest@3ee37e5a]" started-at="2024-06-12T14:02:57 IST" name="tearDown" finished-at="2024-06-12T14:02:57 IST" duration-ms="223" status="PASS">
          <reporter-output>
          </reporter-output>
        </test-method> <!-- tearDown -->
        <test-method is-config="true" signature="launchApplication()[pri:0, instance:ZeeshanMalikAcademy.tests.SubmitOrderTest@3ee37e5a]" started-at="2024-06-12T14:02:57 IST" name="launchApplication" finished-at="2024-06-12T14:03:00 IST" duration-ms="3252" status="PASS">
          <reporter-output>
          </reporter-output>
        </test-method> <!-- launchApplication -->
        <test-method signature="orderHistoryTest()[pri:0, instance:ZeeshanMalikAcademy.tests.SubmitOrderTest@3ee37e5a]" started-at="2024-06-12T14:03:00 IST" name="orderHistoryTest" finished-at="2024-06-12T14:03:01 IST" depends-on-methods="ZeeshanMalikAcademy.tests.SubmitOrderTest.submitOrder" duration-ms="566" status="PASS">
          <reporter-output>
          </reporter-output>
        </test-method> <!-- orderHistoryTest -->
        <test-method is-config="true" signature="tearDown()[pri:0, instance:ZeeshanMalikAcademy.tests.SubmitOrderTest@3ee37e5a]" started-at="2024-06-12T14:03:01 IST" name="tearDown" finished-at="2024-06-12T14:03:01 IST" duration-ms="181" status="PASS">
          <reporter-output>
          </reporter-output>
        </test-method> <!-- tearDown -->
      </class> <!-- ZeeshanMalikAcademy.tests.SubmitOrderTest -->
    </test> <!-- Submit Order Test -->
  </suite> <!-- Suite -->
</testng-results>
