<?xml version="1.0" encoding="UTF-8"?>
<testsuite xmlns:xsi="http://www.w3.org/2001/XMLSchema-instance" xsi:noNamespaceSchemaLocation="https://maven.apache.org/surefire/maven-surefire-plugin/xsd/surefire-test-report-3.0.xsd" version="3.0" name="TestSuite" time="35.884" tests="5" errors="0" skipped="0" failures="0">
  <properties>
[...]
</properties>
  <testcase name="loginErrorValidation" classname="ZeeshanMalikAcademy.tests.ErrorValidationTest" time="0.713">
    <system-err><![CDATA[SLF4J: Failed to load class "org.slf4j.impl.StaticLoggerBinder".
SLF4J: Defaulting to no-operation (NOP) logger implementation
SLF4J: See http://www.slf4j.org/codes.html#StaticLoggerBinder for further details.
Jun 12, 2024 2:02:31 PM org.openqa.selenium.devtools.CdpVersionFinder findNearestMatch
WARNING: Unable to find an exact match for CDP version 125, returning the closest version; found: 124; Please update to a Selenium version that supports CDP version 125
Jun 12, 2024 2:02:31 PM org.openqa.selenium.devtools.CdpVersionFinder findNearestMatch
WARNING: Unable to find an exact match for CDP version 125, returning the closest version; found: 124; Please update to a Selenium version that supports CDP version 125
]]></system-err>
  </testcase>
  <testcase name="productErrorValidation" classname="ZeeshanMalikAcademy.tests.ErrorValidationTest" time="2.481"/>
  <testcase name="submitOrder[{password=Zn@170990, product=ZARA COAT 3, email=zishan.malik@gmail.com}](1)" classname="ZeeshanMalikAcademy.tests.SubmitOrderTest" time="0.554">
    <system-out><![CDATA[Successfully completed
]]></system-out>
    <system-err><![CDATA[Jun 12, 2024 2:02:37 PM org.openqa.selenium.devtools.CdpVersionFinder findNearestMatch
WARNING: Unable to find an exact match for CDP version 125, returning the closest version; found: 124; Please update to a Selenium version that supports CDP version 125
]]></system-err>
  </testcase>
  <testcase name="submitOrder[{password=Zn@170990, product=ADIDAS ORIGINAL, email=zishan.malik@gmail.com}](2)" classname="ZeeshanMalikAcademy.tests.SubmitOrderTest" time="8.957">
    <system-out><![CDATA[Successfully completed
]]></system-out>
    <system-err><![CDATA[Jun 12, 2024 2:02:47 PM org.openqa.selenium.devtools.CdpVersionFinder findNearestMatch
WARNING: Unable to find an exact match for CDP version 125, returning the closest version; found: 124; Please update to a Selenium version that supports CDP version 125
]]></system-err>
  </testcase>
  <testcase name="orderHistoryTest" classname="ZeeshanMalikAcademy.tests.SubmitOrderTest" time="0.566">
    <system-err><![CDATA[Jun 12, 2024 2:02:58 PM org.openqa.selenium.devtools.CdpVersionFinder findNearestMatch
WARNING: Unable to find an exact match for CDP version 125, returning the closest version; found: 124; Please update to a Selenium version that supports CDP version 125
]]></system-err>
  </testcase>
</testsuite>