<?xml version="1.0" encoding="UTF-8"?>
<!-- Generated by org.testng.reporters.JUnitXMLReporter -->
<testsuite ignored="1" hostname="Zeeshans-MacBook-Air.local" failures="1" tests="2" name="Error Validation Test" time="68.35" errors="0" timestamp="2024-05-23T13:03:36 IST">
  <testcase classname="ZeeshanMalikAcademy.tests.ErrorValidationTest" name="loginErrorValidation" time="3.994">
    <skipped/>
  </testcase> <!-- loginErrorValidation -->
  <testcase classname="ZeeshanMalikAcademy.tests.ErrorValidationTest" name="loginErrorValidation" time="3.523">
    <failure type="java.lang.AssertionError" message="expected [Incorrect email or password.] but found [Incorrect email password.]">
      <![CDATA[java.lang.AssertionError: expected [Incorrect email or password.] but found [Incorrect email password.]
at ZeeshanMalikAcademy.tests.ErrorValidationTest.loginErrorValidation(ErrorValidationTest.java:25)
at java.base/java.util.ArrayList.forEach(ArrayList.java:1511)
at java.base/java.util.concurrent.FutureTask.run(FutureTask.java:264)
at java.base/java.util.concurrent.ThreadPoolExecutor.runWorker(ThreadPoolExecutor.java:1130)
at java.base/java.util.concurrent.ThreadPoolExecutor$Worker.run(ThreadPoolExecutor.java:630)
at java.base/java.lang.Thread.run(Thread.java:832)
... Removed 23 stack frames]]>
    </failure>
  </testcase> <!-- loginErrorValidation -->
  <testcase classname="ZeeshanMalikAcademy.tests.ErrorValidationTest" name="productErrorValidation" time="0.0">
    <ignored/>
  </testcase> <!-- productErrorValidation -->
</testsuite> <!-- Error Validation Test -->
