<?xml version="1.0" encoding="UTF-8"?>
<!-- Generated by org.testng.reporters.JUnitXMLReporter -->
<testsuite ignored="0" hostname="Zeeshans-Air" failures="0" tests="2" name="Error Validation Test" time="21.334" errors="0" timestamp="2024-06-12T14:02:47 IST">
  <testcase classname="ZeeshanMalikAcademy.tests.ErrorValidationTest" name="loginErrorValidation" time="0.703"/>
  <testcase classname="ZeeshanMalikAcademy.tests.ErrorValidationTest" name="productErrorValidation" time="2.476"/>
</testsuite> <!-- Error Validation Test -->
