<?xml version="1.0" encoding="UTF-8"?>
<!-- Generated by org.testng.reporters.JUnitXMLReporter -->
<testsuite ignored="0" hostname="Zeeshans-Air" failures="0" tests="3" name="Submit Order Test" time="35.532" errors="0" timestamp="2024-06-12T14:03:01 IST">
  <testcase classname="ZeeshanMalikAcademy.tests.SubmitOrderTest" name="submitOrder" time="11.208"/>
  <testcase classname="ZeeshanMalikAcademy.tests.SubmitOrderTest" name="submitOrder" time="8.956"/>
  <testcase classname="ZeeshanMalikAcademy.tests.SubmitOrderTest" name="orderHistoryTest" time="0.566"/>
</testsuite> <!-- Submit Order Test -->
